[2023-02-21T16:08:49.302+0000] {taskinstance.py:1083} INFO - Dependencies all met for <TaskInstance: predictit_dag.process_json manual__2023-02-21T16:08:44.362119+00:00 [queued]>
[2023-02-21T16:08:49.309+0000] {taskinstance.py:1083} INFO - Dependencies all met for <TaskInstance: predictit_dag.process_json manual__2023-02-21T16:08:44.362119+00:00 [queued]>
[2023-02-21T16:08:49.309+0000] {taskinstance.py:1279} INFO - 
--------------------------------------------------------------------------------
[2023-02-21T16:08:49.309+0000] {taskinstance.py:1280} INFO - Starting attempt 1 of 2
[2023-02-21T16:08:49.309+0000] {taskinstance.py:1281} INFO - 
--------------------------------------------------------------------------------
[2023-02-21T16:08:49.317+0000] {taskinstance.py:1300} INFO - Executing <Task(PythonOperator): process_json> on 2023-02-21 16:08:44.362119+00:00
[2023-02-21T16:08:49.320+0000] {standard_task_runner.py:55} INFO - Started process 12508 to run task
[2023-02-21T16:08:49.321+0000] {standard_task_runner.py:82} INFO - Running: ['***', 'tasks', 'run', 'predictit_dag', 'process_json', 'manual__2023-02-21T16:08:44.362119+00:00', '--job-id', '597', '--raw', '--subdir', 'DAGS_FOLDER/predictit_dag.py', '--cfg-path', '/tmp/tmpy_irpeth']
[2023-02-21T16:08:49.322+0000] {standard_task_runner.py:83} INFO - Job 597: Subtask process_json
[2023-02-21T16:08:49.351+0000] {task_command.py:388} INFO - Running <TaskInstance: predictit_dag.process_json manual__2023-02-21T16:08:44.362119+00:00 [running]> on host 9e0dc30811b3
[2023-02-21T16:08:49.389+0000] {taskinstance.py:1509} INFO - Exporting the following env vars:
AIRFLOW_CTX_DAG_EMAIL=kyunlee@yahoo.com
AIRFLOW_CTX_DAG_OWNER=kyun
AIRFLOW_CTX_DAG_ID=predictit_dag
AIRFLOW_CTX_TASK_ID=process_json
AIRFLOW_CTX_EXECUTION_DATE=2023-02-21T16:08:44.362119+00:00
AIRFLOW_CTX_TRY_NUMBER=1
AIRFLOW_CTX_DAG_RUN_ID=manual__2023-02-21T16:08:44.362119+00:00
[2023-02-21T16:08:50.347+0000] {python.py:177} INFO - Done. Returned value was: None
[2023-02-21T16:08:50.353+0000] {taskinstance.py:1323} INFO - Marking task as SUCCESS. dag_id=predictit_dag, task_id=process_json, execution_date=20230221T160844, start_date=20230221T160849, end_date=20230221T160850
[2023-02-21T16:08:50.375+0000] {local_task_job.py:208} INFO - Task exited with return code 0
[2023-02-21T16:08:50.386+0000] {taskinstance.py:2578} INFO - 0 downstream tasks scheduled from follow-on schedule check
