[2023-02-22T21:37:31.057+0000] {taskinstance.py:1083} INFO - Dependencies all met for <TaskInstance: predictit_dag.process_json manual__2023-02-22T21:37:28.798267+00:00 [queued]>
[2023-02-22T21:37:31.065+0000] {taskinstance.py:1083} INFO - Dependencies all met for <TaskInstance: predictit_dag.process_json manual__2023-02-22T21:37:28.798267+00:00 [queued]>
[2023-02-22T21:37:31.066+0000] {taskinstance.py:1279} INFO - 
--------------------------------------------------------------------------------
[2023-02-22T21:37:31.066+0000] {taskinstance.py:1280} INFO - Starting attempt 1 of 2
[2023-02-22T21:37:31.066+0000] {taskinstance.py:1281} INFO - 
--------------------------------------------------------------------------------
[2023-02-22T21:37:31.076+0000] {taskinstance.py:1300} INFO - Executing <Task(PythonOperator): process_json> on 2023-02-22 21:37:28.798267+00:00
[2023-02-22T21:37:31.079+0000] {standard_task_runner.py:55} INFO - Started process 20058 to run task
[2023-02-22T21:37:31.081+0000] {standard_task_runner.py:82} INFO - Running: ['***', 'tasks', 'run', 'predictit_dag', 'process_json', 'manual__2023-02-22T21:37:28.798267+00:00', '--job-id', '653', '--raw', '--subdir', 'DAGS_FOLDER/predictit_dag.py', '--cfg-path', '/tmp/tmpyiujipov']
[2023-02-22T21:37:31.081+0000] {standard_task_runner.py:83} INFO - Job 653: Subtask process_json
[2023-02-22T21:37:31.118+0000] {task_command.py:388} INFO - Running <TaskInstance: predictit_dag.process_json manual__2023-02-22T21:37:28.798267+00:00 [running]> on host 9e0dc30811b3
[2023-02-22T21:37:31.163+0000] {taskinstance.py:1509} INFO - Exporting the following env vars:
AIRFLOW_CTX_DAG_EMAIL=kyunlee@yahoo.com
AIRFLOW_CTX_DAG_OWNER=kyun
AIRFLOW_CTX_DAG_ID=predictit_dag
AIRFLOW_CTX_TASK_ID=process_json
AIRFLOW_CTX_EXECUTION_DATE=2023-02-22T21:37:28.798267+00:00
AIRFLOW_CTX_TRY_NUMBER=1
AIRFLOW_CTX_DAG_RUN_ID=manual__2023-02-22T21:37:28.798267+00:00
[2023-02-22T21:37:32.177+0000] {python.py:177} INFO - Done. Returned value was: None
[2023-02-22T21:37:32.185+0000] {taskinstance.py:1323} INFO - Marking task as SUCCESS. dag_id=predictit_dag, task_id=process_json, execution_date=20230222T213728, start_date=20230222T213731, end_date=20230222T213732
[2023-02-22T21:37:32.215+0000] {local_task_job.py:208} INFO - Task exited with return code 0
[2023-02-22T21:37:32.230+0000] {taskinstance.py:2578} INFO - 0 downstream tasks scheduled from follow-on schedule check
