[2023-02-27T00:00:02.523+0000] {taskinstance.py:1083} INFO - Dependencies all met for <TaskInstance: predictit_dag.process_json scheduled__2023-02-26T00:00:00+00:00 [queued]>
[2023-02-27T00:00:02.532+0000] {taskinstance.py:1083} INFO - Dependencies all met for <TaskInstance: predictit_dag.process_json scheduled__2023-02-26T00:00:00+00:00 [queued]>
[2023-02-27T00:00:02.533+0000] {taskinstance.py:1279} INFO - 
--------------------------------------------------------------------------------
[2023-02-27T00:00:02.533+0000] {taskinstance.py:1280} INFO - Starting attempt 1 of 2
[2023-02-27T00:00:02.533+0000] {taskinstance.py:1281} INFO - 
--------------------------------------------------------------------------------
[2023-02-27T00:00:02.543+0000] {taskinstance.py:1300} INFO - Executing <Task(PythonOperator): process_json> on 2023-02-26 00:00:00+00:00
[2023-02-27T00:00:02.547+0000] {standard_task_runner.py:55} INFO - Started process 27958 to run task
[2023-02-27T00:00:02.549+0000] {standard_task_runner.py:82} INFO - Running: ['***', 'tasks', 'run', 'predictit_dag', 'process_json', 'scheduled__2023-02-26T00:00:00+00:00', '--job-id', '759', '--raw', '--subdir', 'DAGS_FOLDER/predictit_dag.py', '--cfg-path', '/tmp/tmpl7nwbj0i']
[2023-02-27T00:00:02.550+0000] {standard_task_runner.py:83} INFO - Job 759: Subtask process_json
[2023-02-27T00:00:02.606+0000] {task_command.py:388} INFO - Running <TaskInstance: predictit_dag.process_json scheduled__2023-02-26T00:00:00+00:00 [running]> on host 9e0dc30811b3
[2023-02-27T00:00:02.664+0000] {taskinstance.py:1509} INFO - Exporting the following env vars:
AIRFLOW_CTX_DAG_EMAIL=kyunlee@yahoo.com
AIRFLOW_CTX_DAG_OWNER=kyun
AIRFLOW_CTX_DAG_ID=predictit_dag
AIRFLOW_CTX_TASK_ID=process_json
AIRFLOW_CTX_EXECUTION_DATE=2023-02-26T00:00:00+00:00
AIRFLOW_CTX_TRY_NUMBER=1
AIRFLOW_CTX_DAG_RUN_ID=scheduled__2023-02-26T00:00:00+00:00
[2023-02-27T00:00:04.083+0000] {python.py:177} INFO - Done. Returned value was: None
[2023-02-27T00:00:04.091+0000] {taskinstance.py:1323} INFO - Marking task as SUCCESS. dag_id=predictit_dag, task_id=process_json, execution_date=20230226T000000, start_date=20230227T000002, end_date=20230227T000004
[2023-02-27T00:00:04.126+0000] {local_task_job.py:208} INFO - Task exited with return code 0
[2023-02-27T00:00:04.141+0000] {taskinstance.py:2578} INFO - 0 downstream tasks scheduled from follow-on schedule check
