[2023-02-23T18:09:12.153+0000] {taskinstance.py:1083} INFO - Dependencies all met for <TaskInstance: predictit_dag.process_json manual__2023-02-23T18:09:10.275035+00:00 [queued]>
[2023-02-23T18:09:12.160+0000] {taskinstance.py:1083} INFO - Dependencies all met for <TaskInstance: predictit_dag.process_json manual__2023-02-23T18:09:10.275035+00:00 [queued]>
[2023-02-23T18:09:12.161+0000] {taskinstance.py:1279} INFO - 
--------------------------------------------------------------------------------
[2023-02-23T18:09:12.161+0000] {taskinstance.py:1280} INFO - Starting attempt 1 of 2
[2023-02-23T18:09:12.161+0000] {taskinstance.py:1281} INFO - 
--------------------------------------------------------------------------------
[2023-02-23T18:09:12.170+0000] {taskinstance.py:1300} INFO - Executing <Task(PythonOperator): process_json> on 2023-02-23 18:09:10.275035+00:00
[2023-02-23T18:09:12.172+0000] {standard_task_runner.py:55} INFO - Started process 235 to run task
[2023-02-23T18:09:12.174+0000] {standard_task_runner.py:82} INFO - Running: ['***', 'tasks', 'run', 'predictit_dag', 'process_json', 'manual__2023-02-23T18:09:10.275035+00:00', '--job-id', '660', '--raw', '--subdir', 'DAGS_FOLDER/predictit_dag.py', '--cfg-path', '/tmp/tmpx8qh90gn']
[2023-02-23T18:09:12.174+0000] {standard_task_runner.py:83} INFO - Job 660: Subtask process_json
[2023-02-23T18:09:12.210+0000] {task_command.py:388} INFO - Running <TaskInstance: predictit_dag.process_json manual__2023-02-23T18:09:10.275035+00:00 [running]> on host 9e0dc30811b3
[2023-02-23T18:09:12.252+0000] {taskinstance.py:1509} INFO - Exporting the following env vars:
AIRFLOW_CTX_DAG_EMAIL=kyunlee@yahoo.com
AIRFLOW_CTX_DAG_OWNER=kyun
AIRFLOW_CTX_DAG_ID=predictit_dag
AIRFLOW_CTX_TASK_ID=process_json
AIRFLOW_CTX_EXECUTION_DATE=2023-02-23T18:09:10.275035+00:00
AIRFLOW_CTX_TRY_NUMBER=1
AIRFLOW_CTX_DAG_RUN_ID=manual__2023-02-23T18:09:10.275035+00:00
[2023-02-23T18:09:13.600+0000] {python.py:177} INFO - Done. Returned value was: None
[2023-02-23T18:09:13.609+0000] {taskinstance.py:1323} INFO - Marking task as SUCCESS. dag_id=predictit_dag, task_id=process_json, execution_date=20230223T180910, start_date=20230223T180912, end_date=20230223T180913
[2023-02-23T18:09:13.629+0000] {local_task_job.py:208} INFO - Task exited with return code 0
[2023-02-23T18:09:13.646+0000] {taskinstance.py:2578} INFO - 0 downstream tasks scheduled from follow-on schedule check
