[2023-02-22T21:37:29.952+0000] {taskinstance.py:1083} INFO - Dependencies all met for <TaskInstance: predictit_dag.is_api_available manual__2023-02-22T21:37:28.798267+00:00 [queued]>
[2023-02-22T21:37:29.959+0000] {taskinstance.py:1083} INFO - Dependencies all met for <TaskInstance: predictit_dag.is_api_available manual__2023-02-22T21:37:28.798267+00:00 [queued]>
[2023-02-22T21:37:29.959+0000] {taskinstance.py:1279} INFO - 
--------------------------------------------------------------------------------
[2023-02-22T21:37:29.960+0000] {taskinstance.py:1280} INFO - Starting attempt 1 of 2
[2023-02-22T21:37:29.960+0000] {taskinstance.py:1281} INFO - 
--------------------------------------------------------------------------------
[2023-02-22T21:37:29.969+0000] {taskinstance.py:1300} INFO - Executing <Task(HttpSensor): is_api_available> on 2023-02-22 21:37:28.798267+00:00
[2023-02-22T21:37:29.972+0000] {standard_task_runner.py:55} INFO - Started process 20049 to run task
[2023-02-22T21:37:29.973+0000] {standard_task_runner.py:82} INFO - Running: ['***', 'tasks', 'run', 'predictit_dag', 'is_api_available', 'manual__2023-02-22T21:37:28.798267+00:00', '--job-id', '652', '--raw', '--subdir', 'DAGS_FOLDER/predictit_dag.py', '--cfg-path', '/tmp/tmpi9z94gzv']
[2023-02-22T21:37:29.974+0000] {standard_task_runner.py:83} INFO - Job 652: Subtask is_api_available
[2023-02-22T21:37:30.011+0000] {task_command.py:388} INFO - Running <TaskInstance: predictit_dag.is_api_available manual__2023-02-22T21:37:28.798267+00:00 [running]> on host 9e0dc30811b3
[2023-02-22T21:37:30.053+0000] {taskinstance.py:1509} INFO - Exporting the following env vars:
AIRFLOW_CTX_DAG_EMAIL=kyunlee@yahoo.com
AIRFLOW_CTX_DAG_OWNER=kyun
AIRFLOW_CTX_DAG_ID=predictit_dag
AIRFLOW_CTX_TASK_ID=is_api_available
AIRFLOW_CTX_EXECUTION_DATE=2023-02-22T21:37:28.798267+00:00
AIRFLOW_CTX_TRY_NUMBER=1
AIRFLOW_CTX_DAG_RUN_ID=manual__2023-02-22T21:37:28.798267+00:00
[2023-02-22T21:37:30.053+0000] {http.py:122} INFO - Poking: all/
[2023-02-22T21:37:30.059+0000] {base.py:73} INFO - Using connection ID 'predictit_api' for task execution.
[2023-02-22T21:37:30.600+0000] {base.py:228} INFO - Success criteria met. Exiting.
[2023-02-22T21:37:30.609+0000] {taskinstance.py:1323} INFO - Marking task as SUCCESS. dag_id=predictit_dag, task_id=is_api_available, execution_date=20230222T213728, start_date=20230222T213729, end_date=20230222T213730
[2023-02-22T21:37:30.627+0000] {local_task_job.py:208} INFO - Task exited with return code 0
[2023-02-22T21:37:30.645+0000] {taskinstance.py:2578} INFO - 1 downstream tasks scheduled from follow-on schedule check
